2019-03-05 12:58:20.145+0000 INFO  ======== Neo4j 3.5.3 ========
2019-03-05 12:58:20.254+0000 INFO  Starting...
2019-03-05 12:58:30.952+0000 INFO  Bolt enabled on 127.0.0.1:7687.
2019-03-05 12:58:39.297+0000 INFO  Started.
2019-03-05 12:58:42.508+0000 INFO  Remote interface available at http://localhost:7474/
2019-03-05 12:58:48.698+0000 WARN  The client is unauthorized due to authentication failure.
2019-03-05 15:17:19.461+0000 INFO  Neo4j Server shutdown initiated by request
2019-03-05 16:13:27.220+0000 INFO  Stopping...
2019-03-09 02:34:56.506+0000 INFO  ======== Neo4j 3.5.3 ========
2019-03-09 02:34:56.673+0000 INFO  Starting...
2019-03-09 02:35:08.150+0000 INFO  Bolt enabled on 127.0.0.1:7687.
2019-03-09 02:35:17.127+0000 INFO  Started.
2019-03-09 02:35:33.194+0000 INFO  Remote interface available at http://localhost:7474/
2019-03-09 02:35:59.721+0000 WARN  The client is unauthorized due to authentication failure.
2019-03-09 15:22:14.749+0000 INFO  Neo4j Server shutdown initiated by request
2019-03-09 15:22:15.034+0000 INFO  Stopping...
2019-03-09 15:22:15.328+0000 INFO  Stopped.
2019-03-09 15:59:35.595+0000 INFO  ======== Neo4j 3.5.3 ========
2019-03-09 15:59:35.825+0000 INFO  Starting...
2019-03-09 16:00:01.776+0000 INFO  Bolt enabled on 127.0.0.1:7687.
2019-03-09 16:00:16.720+0000 INFO  Started.
2019-03-09 16:00:29.066+0000 INFO  Remote interface available at http://localhost:7474/
2019-03-09 16:01:48.444+0000 WARN  The client is unauthorized due to authentication failure.
2019-03-10 01:25:27.119+0000 WARN  The client is unauthorized due to authentication failure.
2019-03-10 01:58:23.827+0000 INFO  Neo4j Server shutdown initiated by request
2019-03-10 01:58:23.963+0000 INFO  Stopping...
2019-03-10 01:58:24.606+0000 INFO  Stopped.
2019-03-10 21:10:38.633+0000 INFO  ======== Neo4j 3.5.3 ========
2019-03-10 21:10:38.672+0000 INFO  Starting...
2019-03-10 21:10:42.690+0000 INFO  Bolt enabled on 127.0.0.1:7687.
2019-03-10 21:10:45.215+0000 INFO  Started.
2019-03-10 21:10:46.932+0000 INFO  Remote interface available at http://localhost:7474/
2019-03-10 21:10:48.784+0000 WARN  The client is unauthorized due to authentication failure.
2019-03-10 21:20:12.218+0000 INFO  Neo4j Server shutdown initiated by request
2019-03-10 21:20:12.348+0000 INFO  Stopping...
2019-03-10 21:20:12.736+0000 INFO  Stopped.
2019-03-11 00:03:42.732+0000 INFO  ======== Neo4j 3.5.3 ========
2019-03-11 00:03:42.823+0000 INFO  Starting...
2019-03-11 00:03:45.545+0000 INFO  Bolt enabled on 127.0.0.1:7687.
2019-03-11 00:03:47.263+0000 INFO  Started.
2019-03-11 00:03:48.385+0000 INFO  Remote interface available at http://localhost:7474/
2019-03-11 00:04:02.397+0000 WARN  The client is unauthorized due to authentication failure.
